16
2
16
20
17
12
18
14
4
14
7
16
7
11
8
3
9
5
18
5
21
7
21
2
22
17
0
19
9
19
12
21
12
16
13
8
14
10
0
10
3
12
3
7
4
22
5
1
14
1
17
3
17
21
18
13
19
15
5
15
8
17
8
12
9
4
10
6
19
6
22
8
22
3
0
18
1
20
10
20
13
22
13
17
14
9
15
11
1
11
4
13
4
8
5
0
6
2
15
2
18
4
18
22
19
14
20
16
6
16
9
18
9
13
10
5
11
7
20
7
0
9
0
4
1
19
2
21
11
21
14
0
14
18
15
10
16
12
2
12
5
14
5
9
6
1
7
3
16
3
19
5
19
0
20
15
21
17
7
17
10
19
10
14
11
6
12
8
21
8
1
10
1
5
2
20
3
22
12
22
15
1
15
19
16
11
17
13
3
13
6
15
6
10
7
2
8
4
17
4
20
6
20
1
21
16
22
18
8
18
11
20
11
15
12
7
13
9
22
9
2
11
2
6
3
21
4
0
13
0
16
2
16
20
17
12
18
14
4
14
7
16
7
11
8
3
9
5
18
5
21
7
21
2
22
17
0
19
9
19
12
21
12
16
13
8
14
10
0
10
3
12
3
7
4
22
5
1
14
1
17
3
17
21
18
13
19
15
5
15
8
17
8
12
9
4
10
6
19
6
22
8
22
3
0
18
1
20
10
20
13
22
13
17
14
9
15
11
1
11
4
13
4
8
5
0
6
2
15
2
18
4
18
22
19
14
20
16
6
16
9
18
9
13
10
5
11
7
20
7
0
9
0
4
1
19
2
21
11
21
14
0
14
18
15
10
16
12
2
12
5
14
5
9
6
1
7
3
16
3
19
5
19
0
20
15
21
17
7
17
10
19
10
14
11
6
12
8
21
8
1
10
1
5
2
20
3
22
12
22
15
1
15
19
16
11
17
13
3
13
6
15
6
10
7
2
8
4
17
4
20
6
20
1
21
16
22
18
8
18
11
20
11
15
12
7
13
9
22
9
2
11
2
6
3
21
4
0
13
0
16
2
16
20
17
12
18
14
4
14
7
16
7
11
8
3
9
5
18
5
21
7
21
2
22
17
0
19
9
19
12
21
12
16
13
8
14
10
0
10
10
